{"name": "To verify that the create booking is working.", "status": "failed", "statusDetails": {"message": "AssertionError: assert (1 - 1) == 2", "trace": "@allure.title(\"To verify that the create booking is working.\")\n    @allure.description(\"We are verifying the create booking feature.\")\n    @pytest.mark.positive\n    @pytest.mark.regression\n    def test_create_booking_positive():\n        print(\"Inside test_create_booking_positive.\")\n>       assert 1 - 1 == 2\nE       assert (1 - 1) == 2\n\nsrc\\ex_25_Allure_Pytest\\test_Lab186_Allure.py:10: AssertionError"}, "description": "We are verifying the create booking feature.", "attachments": [{"name": "stdout", "source": "dd363bbb-babc-466b-8b27-a0cc97ad985d-attachment.txt", "type": "text/plain"}], "start": 1765641229013, "stop": 1765641229014, "uuid": "fd732872-ca7b-434c-a6fb-c1cfb2ae54b5", "historyId": "7de0cf690c17d5f9bf7ceed3e35bf102", "testCaseId": "7de0cf690c17d5f9bf7ceed3e35bf102", "fullName": "src.ex_25_Allure_Pytest.test_Lab186_Allure#test_create_booking_positive", "labels": [{"name": "tag", "value": "regression"}, {"name": "tag", "value": "positive"}, {"name": "parentSuite", "value": "src.ex_25_Allure_Pytest"}, {"name": "suite", "value": "test_Lab186_Allure"}, {"name": "host", "value": "SDETSWAPNIL"}, {"name": "thread", "value": "5648-MainThread"}, {"name": "framework", "value": "pytest"}, {"name": "language", "value": "cpython3"}, {"name": "package", "value": "src.ex_25_Allure_Pytest.test_Lab186_Allure"}], "titlePath": ["src", "ex_25_Allure_Pytest", "test_Lab186_Allure.py"]}